<?xml version="1.0" encoding="UTF-8"?>
<!-- Generated by org.testng.reporters.JUnitXMLReporter -->
<testsuite ignored="0" hostname="DBSL142591" failures="0" tests="3" name="Test" time="14.948" errors="0" timestamp="2025-07-02T00:16:46 IST">
  <testcase classname="testCases.RegistrationTestCases" name="verifyRegistrationWithValidData" time="3.709"/>
  <testcase classname="testCases.RegistrationTestCases" name="verifyRegistrationwithBlankData" time="3.048"/>
  <testcase classname="testCases.LoginTestCases" name="loginWithValidData" time="2.575"/>
</testsuite> <!-- Test -->
