<?xml version="1.0" encoding="UTF-8"?>
<testng-results ignored="0" total="1" passed="1" failed="0" skipped="0">
  <reporter-output>
  </reporter-output>
  <suite started-at="2025-07-16T14:51:27 IST" name="Default suite" finished-at="2025-07-16T14:51:37 IST" duration-ms="9317">
    <groups>
    </groups>
    <test started-at="2025-07-16T14:51:27 IST" name="Default test" finished-at="2025-07-16T14:51:37 IST" duration-ms="9317">
      <class name="testCases.ProductTestCases">
        <test-method is-config="true" signature="browserLaunch()[pri:0, instance:testCases.ProductTestCases@71d44a3]" started-at="2025-07-16T14:51:27 IST" name="browserLaunch" finished-at="2025-07-16T14:51:36 IST" duration-ms="8410" status="PASS">
          <reporter-output>
          </reporter-output>
        </test-method> <!-- browserLaunch -->
        <test-method signature="addToCart()[pri:0, instance:testCases.ProductTestCases@71d44a3]" started-at="2025-07-16T14:51:36 IST" name="addToCart" finished-at="2025-07-16T14:51:37 IST" duration-ms="879" status="PASS">
          <reporter-output>
          </reporter-output>
        </test-method> <!-- addToCart -->
      </class> <!-- testCases.ProductTestCases -->
    </test> <!-- Default test -->
  </suite> <!-- Default suite -->
</testng-results>
